c:\users\gerhard\documents\visual studio 2012\projects\opencvexample\opencvexample\debug\opencvexample.obj
c:\users\gerhard\documents\visual studio 2012\projects\opencvexample\opencvexample\debug\vc110.pdb
c:\users\gerhard\documents\visual studio 2012\projects\opencvexample\debug\opencvexample.ilk
c:\users\gerhard\documents\visual studio 2012\projects\opencvexample\debug\opencvexample.exe
c:\users\gerhard\documents\visual studio 2012\projects\opencvexample\debug\opencvexample.pdb
s:\groth\documents\old-big-pc-c\carleton\comp4102a-16-current\opencvexample\opencvexample\debug\opencvexample.obj
s:\groth\documents\old-big-pc-c\carleton\comp4102a-16-current\opencvexample\opencvexample\debug\cl.command.1.tlog
s:\groth\documents\old-big-pc-c\carleton\comp4102a-16-current\opencvexample\opencvexample\debug\cl.read.1.tlog
s:\groth\documents\old-big-pc-c\carleton\comp4102a-16-current\opencvexample\opencvexample\debug\cl.write.1.tlog
s:\groth\documents\old-big-pc-c\carleton\comp4102a-16-current\opencvexample\opencvexample\debug\link-cvtres.read.1.tlog
s:\groth\documents\old-big-pc-c\carleton\comp4102a-16-current\opencvexample\opencvexample\debug\link-cvtres.write.1.tlog
s:\groth\documents\old-big-pc-c\carleton\comp4102a-16-current\opencvexample\opencvexample\debug\link-rc.read.1.tlog
s:\groth\documents\old-big-pc-c\carleton\comp4102a-16-current\opencvexample\opencvexample\debug\link-rc.write.1.tlog
s:\groth\documents\old-big-pc-c\carleton\comp4102a-16-current\opencvexample\opencvexample\debug\link.command.1.tlog
s:\groth\documents\old-big-pc-c\carleton\comp4102a-16-current\opencvexample\opencvexample\debug\link.read.1.tlog
s:\groth\documents\old-big-pc-c\carleton\comp4102a-16-current\opencvexample\opencvexample\debug\link.write.1.tlog
s:\groth\documents\old-big-pc-c\carleton\comp4102a-16-current\opencvexample\opencvexample\debug\vc110.idb
s:\groth\documents\old-big-pc-c\carleton\comp4102a-16-current\opencvexample\opencvexample\debug\vc110.pdb
s:\groth\documents\old-big-pc-c\carleton\comp4102a-16-current\opencvexample\debug\opencvexample.pdb
s:\groth\documents\old-big-pc-c\carleton\comp4102a-16-current\opencvexample\debug\opencvexample.exe
s:\groth\documents\old-big-pc-c\carleton\comp4102a-16-current\opencvexample\debug\opencvexample.ilk
